{"message":"Unauthorized request to path: /","level":"error"}
{"message":"Unauthorized request to path: /","level":"error"}
{"message":"Unauthorized request to path: /GET/Bookmarks","level":"error"}
{"message":"Unauthorized request to path: /bookmarks","level":"error"}
{"message":"Unauthorized request to path: /bookmarks/id","level":"error"}
{"message":"Unauthorized request to path: /bookmarks","level":"error"}
{"message":"Unauthorized request to path: /bookmarks/1","level":"error"}
{"message":"Unauthorized request to path: /bookmarks/1","level":"error"}
{"message":"Bookmarks with id 1 deleted.","level":"info"}
{"message":"Unauthorized request to path: /bookmarks/1","level":"error"}
{"message":"Unauthorized request to path: /bookmarks/","level":"error"}
{"message":"Unauthorized request to path: /bookmarks/","level":"error"}
{"message":"Unexpected token i in JSON at position 7","level":"error"}
{"message":"Unauthorized request to path: /bookmarks/","level":"error"}
{"message":"uuid is not defined","level":"error"}
{"message":"Unauthorized request to path: /bookmarks/","level":"error"}
{"message":"Bookmarks with id 667c64de-882a-47d6-992d-62dc5e25c105 created","level":"info"}
{"message":"Unauthorized request to path: /bookmarks/","level":"error"}
{"message":"Bookmarks with id 67f96aa7-80ca-4dda-996f-a04a8cb69e42 created","level":"info"}
{"message":"Unauthorized request to path: /bookmarks/","level":"error"}
